<?xml version="1.0" encoding="UTF-8"?>
<!-- Generated by org.testng.reporters.JUnitReportReporter -->
<testsuite hostname="DESKTOP-20G0H2Q" failures="0" tests="1" name="testcases.HomePageTest" time="1.158" errors="0" timestamp="2023-12-08T14:52:08 IST" skipped="0">
  <testcase classname="testcases.HomePageTest" name="addCart" time="1.158"/>
  <system-out/>
</testsuite> <!-- testcases.HomePageTest -->
