<?xml version="1.0" encoding="UTF-8"?>
<!-- Generated by org.testng.reporters.JUnitReportReporter -->
<testsuite hostname="DESKTOP-20G0H2Q" failures="0" tests="1" name="testcases.LoginTest" time="0.164" errors="0" timestamp="2023-12-05T14:24:36 IST" skipped="0">
  <testcase classname="testcases.LoginTest" name="loginpageTest" time="0.164"/>
</testsuite> <!-- testcases.LoginTest -->
